[0.270s] Invoking command in '/home/kihochoi/work/ros2Test/ssros_ts/build/ssros_ts': PYTHONPATH=/home/kihochoi/work/ros2Test/ssros_ts/build/ssros_ts/prefix_override:/usr/lib/python3/dist-packages/colcon_core/task/python/colcon_distutils_commands:/home/kihochoi/work/ros2Test/ssros_ts/install/ssros_ts/lib/python3.10/site-packages:${PYTHONPATH} _=/usr/bin/env /usr/bin/python3 -W ignore:setup.py install is deprecated -W ignore:easy_install command is deprecated setup.py develop --editable --build-directory /home/kihochoi/work/ros2Test/ssros_ts/build/ssros_ts/build --no-deps symlink_data
[0.381s] running develop
[0.446s] running egg_info
[0.446s] creating ssros_ts.egg-info
[0.446s] writing ssros_ts.egg-info/PKG-INFO
[0.446s] writing dependency_links to ssros_ts.egg-info/dependency_links.txt
[0.446s] writing entry points to ssros_ts.egg-info/entry_points.txt
[0.447s] writing requirements to ssros_ts.egg-info/requires.txt
[0.447s] writing top-level names to ssros_ts.egg-info/top_level.txt
[0.447s] writing manifest file 'ssros_ts.egg-info/SOURCES.txt'
[0.447s] reading manifest file 'ssros_ts.egg-info/SOURCES.txt'
[0.447s] writing manifest file 'ssros_ts.egg-info/SOURCES.txt'
[0.448s] running build_ext
[0.448s] Creating /home/kihochoi/work/ros2Test/ssros_ts/install/ssros_ts/lib/python3.10/site-packages/ssros-ts.egg-link (link to .)
[0.448s] Installing listener script to /home/kihochoi/work/ros2Test/ssros_ts/install/ssros_ts/lib/ssros_ts
[0.448s] Installing talker script to /home/kihochoi/work/ros2Test/ssros_ts/install/ssros_ts/lib/ssros_ts
[0.448s] 
[0.448s] Installed /home/kihochoi/work/ros2Test/ssros_ts/build/ssros_ts
[0.448s] running symlink_data
[0.448s] creating /home/kihochoi/work/ros2Test/ssros_ts/install/ssros_ts/share/ament_index
[0.448s] creating /home/kihochoi/work/ros2Test/ssros_ts/install/ssros_ts/share/ament_index/resource_index
[0.449s] creating /home/kihochoi/work/ros2Test/ssros_ts/install/ssros_ts/share/ament_index/resource_index/packages
[0.449s] symbolically linking /home/kihochoi/work/ros2Test/ssros_ts/build/ssros_ts/resource/ssros_ts -> /home/kihochoi/work/ros2Test/ssros_ts/install/ssros_ts/share/ament_index/resource_index/packages
[0.449s] symbolically linking /home/kihochoi/work/ros2Test/ssros_ts/build/ssros_ts/package.xml -> /home/kihochoi/work/ros2Test/ssros_ts/install/ssros_ts/share/ssros_ts
[0.460s] Invoked command in '/home/kihochoi/work/ros2Test/ssros_ts/build/ssros_ts' returned '0': PYTHONPATH=/home/kihochoi/work/ros2Test/ssros_ts/build/ssros_ts/prefix_override:/usr/lib/python3/dist-packages/colcon_core/task/python/colcon_distutils_commands:/home/kihochoi/work/ros2Test/ssros_ts/install/ssros_ts/lib/python3.10/site-packages:${PYTHONPATH} _=/usr/bin/env /usr/bin/python3 -W ignore:setup.py install is deprecated -W ignore:easy_install command is deprecated setup.py develop --editable --build-directory /home/kihochoi/work/ros2Test/ssros_ts/build/ssros_ts/build --no-deps symlink_data
