[0.048s] DEBUG:colcon:Command line arguments: ['/usr/bin/colcon', 'build', '--symlink-install']
[0.048s] DEBUG:colcon:Parsed command line arguments: Namespace(log_base=None, log_level=None, verb_name='build', build_base='build', install_base='install', merge_install=False, symlink_install=True, test_result_base=None, continue_on_error=False, executor='parallel', parallel_workers=32, event_handlers=None, ignore_user_meta=False, metas=['./colcon.meta'], base_paths=['.'], packages_ignore=None, packages_ignore_regex=None, paths=None, packages_up_to=None, packages_up_to_regex=None, packages_above=None, packages_above_and_dependencies=None, packages_above_depth=None, packages_select_by_dep=None, packages_skip_by_dep=None, packages_skip_up_to=None, packages_select_build_failed=False, packages_skip_build_finished=False, packages_select_test_failures=False, packages_skip_test_passed=False, packages_select=None, packages_skip=None, packages_select_regex=None, packages_skip_regex=None, packages_start=None, packages_end=None, allow_overriding=[], cmake_args=None, cmake_target=None, cmake_target_skip_unavailable=False, cmake_clean_cache=False, cmake_clean_first=False, cmake_force_configure=False, ament_cmake_args=None, catkin_cmake_args=None, catkin_skip_building_tests=False, mixin_files=None, mixin=None, verb_parser=<colcon_mixin.mixin.mixin_argument.MixinArgumentDecorator object at 0x74e468b06d70>, verb_extension=<colcon_core.verb.build.BuildVerb object at 0x74e468b06110>, main=<bound method BuildVerb.main of <colcon_core.verb.build.BuildVerb object at 0x74e468b06110>>, mixin_verb=('build',))
[0.120s] Level 1:colcon.colcon_core.package_discovery:discover_packages(colcon_meta) check parameters
[0.120s] Level 1:colcon.colcon_core.package_discovery:discover_packages(recursive) check parameters
[0.120s] Level 1:colcon.colcon_core.package_discovery:discover_packages(ignore) check parameters
[0.120s] Level 1:colcon.colcon_core.package_discovery:discover_packages(path) check parameters
[0.120s] Level 1:colcon.colcon_core.package_discovery:discover_packages(colcon_meta) discover
[0.120s] Level 1:colcon.colcon_core.package_discovery:discover_packages(recursive) discover
[0.120s] INFO:colcon.colcon_core.package_discovery:Crawling recursively for packages in '/home/kihochoi/work/ros2Test/ssros_ts'
[0.120s] Level 1:colcon.colcon_core.package_identification:_identify(.) by extensions ['ignore', 'ignore_ament_install']
[0.120s] Level 1:colcon.colcon_core.package_identification:_identify(.) by extension 'ignore'
[0.120s] Level 1:colcon.colcon_core.package_identification:_identify(.) by extension 'ignore_ament_install'
[0.120s] Level 1:colcon.colcon_core.package_identification:_identify(.) by extensions ['colcon_pkg']
[0.120s] Level 1:colcon.colcon_core.package_identification:_identify(.) by extension 'colcon_pkg'
[0.120s] Level 1:colcon.colcon_core.package_identification:_identify(.) by extensions ['colcon_meta']
[0.120s] Level 1:colcon.colcon_core.package_identification:_identify(.) by extension 'colcon_meta'
[0.120s] Level 1:colcon.colcon_core.package_identification:_identify(.) by extensions ['ros']
[0.120s] Level 1:colcon.colcon_core.package_identification:_identify(.) by extension 'ros'
[0.126s] DEBUG:colcon.colcon_core.package_identification:Package '.' with type 'ros.ament_python' and name 'ssros_ts'
[0.126s] Level 1:colcon.colcon_core.package_discovery:discover_packages(recursive) using defaults
[0.126s] Level 1:colcon.colcon_core.package_discovery:discover_packages(ignore) discover
[0.126s] Level 1:colcon.colcon_core.package_discovery:discover_packages(ignore) using defaults
[0.126s] Level 1:colcon.colcon_core.package_discovery:discover_packages(path) discover
[0.126s] Level 1:colcon.colcon_core.package_discovery:discover_packages(path) using defaults
[0.139s] Level 1:colcon.colcon_core.package_discovery:discover_packages(prefix_path) check parameters
[0.139s] Level 1:colcon.colcon_core.package_discovery:discover_packages(prefix_path) discover
[0.139s] DEBUG:colcon.colcon_installed_package_information.package_discovery:Found 1 installed packages in /home/kihochoi/work/ros2Test/ssros_ts/install
[0.140s] DEBUG:colcon.colcon_installed_package_information.package_discovery:Found 271 installed packages in /opt/ros/humble
[0.141s] Level 1:colcon.colcon_core.package_discovery:discover_packages(prefix_path) using defaults
[0.156s] Level 5:colcon.colcon_core.verb:set package 'ssros_ts' build argument 'cmake_args' from command line to 'None'
[0.156s] Level 5:colcon.colcon_core.verb:set package 'ssros_ts' build argument 'cmake_target' from command line to 'None'
[0.156s] Level 5:colcon.colcon_core.verb:set package 'ssros_ts' build argument 'cmake_target_skip_unavailable' from command line to 'False'
[0.156s] Level 5:colcon.colcon_core.verb:set package 'ssros_ts' build argument 'cmake_clean_cache' from command line to 'False'
[0.156s] Level 5:colcon.colcon_core.verb:set package 'ssros_ts' build argument 'cmake_clean_first' from command line to 'False'
[0.156s] Level 5:colcon.colcon_core.verb:set package 'ssros_ts' build argument 'cmake_force_configure' from command line to 'False'
[0.156s] Level 5:colcon.colcon_core.verb:set package 'ssros_ts' build argument 'ament_cmake_args' from command line to 'None'
[0.156s] Level 5:colcon.colcon_core.verb:set package 'ssros_ts' build argument 'catkin_cmake_args' from command line to 'None'
[0.156s] Level 5:colcon.colcon_core.verb:set package 'ssros_ts' build argument 'catkin_skip_building_tests' from command line to 'False'
[0.156s] DEBUG:colcon.colcon_core.verb:Building package 'ssros_ts' with the following arguments: {'ament_cmake_args': None, 'build_base': '/home/kihochoi/work/ros2Test/ssros_ts/build/ssros_ts', 'catkin_cmake_args': None, 'catkin_skip_building_tests': False, 'cmake_args': None, 'cmake_clean_cache': False, 'cmake_clean_first': False, 'cmake_force_configure': False, 'cmake_target': None, 'cmake_target_skip_unavailable': False, 'install_base': '/home/kihochoi/work/ros2Test/ssros_ts/install/ssros_ts', 'merge_install': False, 'path': '/home/kihochoi/work/ros2Test/ssros_ts', 'symlink_install': True, 'test_result_base': None}
[0.156s] INFO:colcon.colcon_core.executor:Executing jobs using 'parallel' executor
[0.156s] DEBUG:colcon.colcon_parallel_executor.executor.parallel:run_until_complete
[0.156s] INFO:colcon.colcon_ros.task.ament_python.build:Building ROS package in '/home/kihochoi/work/ros2Test/ssros_ts' with build type 'ament_python'
[0.157s] Level 1:colcon.colcon_core.shell:create_environment_hook('ssros_ts', 'ament_prefix_path')
[0.157s] INFO:colcon.colcon_core.plugin_system:Skipping extension 'colcon_core.shell.bat': Not used on non-Windows systems
[0.157s] INFO:colcon.colcon_core.shell:Creating environment hook '/home/kihochoi/work/ros2Test/ssros_ts/install/ssros_ts/share/ssros_ts/hook/ament_prefix_path.ps1'
[0.158s] INFO:colcon.colcon_core.shell:Creating environment descriptor '/home/kihochoi/work/ros2Test/ssros_ts/install/ssros_ts/share/ssros_ts/hook/ament_prefix_path.dsv'
[0.158s] INFO:colcon.colcon_core.shell:Creating environment hook '/home/kihochoi/work/ros2Test/ssros_ts/install/ssros_ts/share/ssros_ts/hook/ament_prefix_path.sh'
[0.158s] INFO:colcon.colcon_core.shell:Skip shell extension 'powershell' for command environment: Not usable outside of PowerShell
[0.158s] DEBUG:colcon.colcon_core.shell:Skip shell extension 'dsv' for command environment
[0.270s] INFO:colcon.colcon_core.task.python.build:Building Python package in '/home/kihochoi/work/ros2Test/ssros_ts'
[0.270s] INFO:colcon.colcon_core.shell:Skip shell extension 'powershell' for command environment: Not usable outside of PowerShell
[0.270s] DEBUG:colcon.colcon_core.shell:Skip shell extension 'dsv' for command environment
[0.433s] DEBUG:colcon.colcon_core.event_handler.log_command:Invoking command in '/home/kihochoi/work/ros2Test/ssros_ts/build/ssros_ts': PYTHONPATH=/home/kihochoi/work/ros2Test/ssros_ts/build/ssros_ts/prefix_override:/usr/lib/python3/dist-packages/colcon_core/task/python/colcon_distutils_commands:/home/kihochoi/work/ros2Test/ssros_ts/install/ssros_ts/lib/python3.10/site-packages:${PYTHONPATH} _=/usr/bin/env /usr/bin/python3 -W ignore:setup.py install is deprecated -W ignore:easy_install command is deprecated setup.py develop --editable --build-directory /home/kihochoi/work/ros2Test/ssros_ts/build/ssros_ts/build --no-deps symlink_data
[0.631s] Level 1:colcon.colcon_core.shell:create_environment_hook('ssros_ts', 'pythonpath_develop')
[0.631s] INFO:colcon.colcon_core.shell:Creating environment hook '/home/kihochoi/work/ros2Test/ssros_ts/build/ssros_ts/share/ssros_ts/hook/pythonpath_develop.ps1'
[0.632s] DEBUG:colcon.colcon_core.event_handler.log_command:Invoked command in '/home/kihochoi/work/ros2Test/ssros_ts/build/ssros_ts' returned '0': PYTHONPATH=/home/kihochoi/work/ros2Test/ssros_ts/build/ssros_ts/prefix_override:/usr/lib/python3/dist-packages/colcon_core/task/python/colcon_distutils_commands:/home/kihochoi/work/ros2Test/ssros_ts/install/ssros_ts/lib/python3.10/site-packages:${PYTHONPATH} _=/usr/bin/env /usr/bin/python3 -W ignore:setup.py install is deprecated -W ignore:easy_install command is deprecated setup.py develop --editable --build-directory /home/kihochoi/work/ros2Test/ssros_ts/build/ssros_ts/build --no-deps symlink_data
[0.632s] INFO:colcon.colcon_core.shell:Creating environment descriptor '/home/kihochoi/work/ros2Test/ssros_ts/build/ssros_ts/share/ssros_ts/hook/pythonpath_develop.dsv'
[0.632s] INFO:colcon.colcon_core.shell:Creating environment hook '/home/kihochoi/work/ros2Test/ssros_ts/build/ssros_ts/share/ssros_ts/hook/pythonpath_develop.sh'
[0.633s] Level 1:colcon.colcon_core.environment:checking '/home/kihochoi/work/ros2Test/ssros_ts/install/ssros_ts' for CMake module files
[0.633s] Level 1:colcon.colcon_core.environment:checking '/home/kihochoi/work/ros2Test/ssros_ts/install/ssros_ts' for CMake config files
[0.633s] Level 1:colcon.colcon_core.environment:checking '/home/kihochoi/work/ros2Test/ssros_ts/install/ssros_ts/lib'
[0.633s] Level 1:colcon.colcon_core.environment:checking '/home/kihochoi/work/ros2Test/ssros_ts/install/ssros_ts/bin'
[0.633s] Level 1:colcon.colcon_core.environment:checking '/home/kihochoi/work/ros2Test/ssros_ts/install/ssros_ts/lib/pkgconfig/ssros_ts.pc'
[0.634s] Level 1:colcon.colcon_core.environment:checking '/home/kihochoi/work/ros2Test/ssros_ts/install/ssros_ts/lib/python3.10/site-packages'
[0.634s] Level 1:colcon.colcon_core.shell:create_environment_hook('ssros_ts', 'pythonpath')
[0.634s] INFO:colcon.colcon_core.shell:Creating environment hook '/home/kihochoi/work/ros2Test/ssros_ts/install/ssros_ts/share/ssros_ts/hook/pythonpath.ps1'
[0.634s] INFO:colcon.colcon_core.shell:Creating environment descriptor '/home/kihochoi/work/ros2Test/ssros_ts/install/ssros_ts/share/ssros_ts/hook/pythonpath.dsv'
[0.634s] INFO:colcon.colcon_core.shell:Creating environment hook '/home/kihochoi/work/ros2Test/ssros_ts/install/ssros_ts/share/ssros_ts/hook/pythonpath.sh'
[0.634s] Level 1:colcon.colcon_core.environment:checking '/home/kihochoi/work/ros2Test/ssros_ts/install/ssros_ts/bin'
[0.634s] Level 1:colcon.colcon_core.environment:create_environment_scripts_only(ssros_ts)
[0.634s] INFO:colcon.colcon_core.shell:Creating package script '/home/kihochoi/work/ros2Test/ssros_ts/install/ssros_ts/share/ssros_ts/package.ps1'
[0.635s] INFO:colcon.colcon_core.shell:Creating package descriptor '/home/kihochoi/work/ros2Test/ssros_ts/install/ssros_ts/share/ssros_ts/package.dsv'
[0.635s] INFO:colcon.colcon_core.shell:Creating package script '/home/kihochoi/work/ros2Test/ssros_ts/install/ssros_ts/share/ssros_ts/package.sh'
[0.635s] INFO:colcon.colcon_core.shell:Creating package script '/home/kihochoi/work/ros2Test/ssros_ts/install/ssros_ts/share/ssros_ts/package.bash'
[0.635s] INFO:colcon.colcon_core.shell:Creating package script '/home/kihochoi/work/ros2Test/ssros_ts/install/ssros_ts/share/ssros_ts/package.zsh'
[0.636s] Level 1:colcon.colcon_core.environment:create_file_with_runtime_dependencies(/home/kihochoi/work/ros2Test/ssros_ts/install/ssros_ts/share/colcon-core/packages/ssros_ts)
[0.636s] DEBUG:colcon.colcon_parallel_executor.executor.parallel:closing loop
[0.636s] DEBUG:colcon.colcon_parallel_executor.executor.parallel:loop closed
[0.636s] DEBUG:colcon.colcon_parallel_executor.executor.parallel:run_until_complete finished with '0'
[0.636s] DEBUG:colcon.colcon_core.event_reactor:joining thread
[0.638s] INFO:colcon.colcon_core.plugin_system:Skipping extension 'colcon_notification.desktop_notification.terminal_notifier': Not used on non-Darwin systems
[0.638s] INFO:colcon.colcon_core.plugin_system:Skipping extension 'colcon_notification.desktop_notification.win32': Not used on non-Windows systems
[0.638s] INFO:colcon.colcon_notification.desktop_notification:Sending desktop notification using 'notify2'
[0.639s] DEBUG:colcon.colcon_notification.desktop_notification.notify2:Failed to initialize notify2: org.freedesktop.DBus.Error.ServiceUnknown: The name org.freedesktop.Notifications was not provided by any .service files
[0.639s] DEBUG:colcon.colcon_core.event_reactor:joined thread
[0.639s] INFO:colcon.colcon_core.shell:Creating prefix script '/home/kihochoi/work/ros2Test/ssros_ts/install/local_setup.ps1'
[0.640s] INFO:colcon.colcon_core.shell:Creating prefix util module '/home/kihochoi/work/ros2Test/ssros_ts/install/_local_setup_util_ps1.py'
[0.640s] INFO:colcon.colcon_core.shell:Creating prefix chain script '/home/kihochoi/work/ros2Test/ssros_ts/install/setup.ps1'
[0.641s] INFO:colcon.colcon_core.shell:Creating prefix script '/home/kihochoi/work/ros2Test/ssros_ts/install/local_setup.sh'
[0.641s] INFO:colcon.colcon_core.shell:Creating prefix util module '/home/kihochoi/work/ros2Test/ssros_ts/install/_local_setup_util_sh.py'
[0.641s] INFO:colcon.colcon_core.shell:Creating prefix chain script '/home/kihochoi/work/ros2Test/ssros_ts/install/setup.sh'
[0.641s] INFO:colcon.colcon_core.shell:Creating prefix script '/home/kihochoi/work/ros2Test/ssros_ts/install/local_setup.bash'
[0.642s] INFO:colcon.colcon_core.shell:Creating prefix chain script '/home/kihochoi/work/ros2Test/ssros_ts/install/setup.bash'
[0.642s] INFO:colcon.colcon_core.shell:Creating prefix script '/home/kihochoi/work/ros2Test/ssros_ts/install/local_setup.zsh'
[0.642s] INFO:colcon.colcon_core.shell:Creating prefix chain script '/home/kihochoi/work/ros2Test/ssros_ts/install/setup.zsh'
